<?xml version="1.0" encoding="UTF-8"?>
<!-- Generated by org.testng.reporters.JUnitReportReporter -->
<testsuite hostname="vmwin10006ea" failures="0" tests="1" name="com.dhl.test.LoginUITest" time="6.396" errors="0" timestamp="2023-11-02T15:00:47 SGT" skipped="0">
  <testcase classname="com.dhl.test.LoginUITest" name="titleTest" time="6.396"/>
</testsuite> <!-- com.dhl.test.LoginUITest -->
